# JRE version: Java(TM) SE Runtime Environment (21.0.2+13) (build 21.0.2+13-LTS-58)
# Java VM: Java HotSpot(TM) 64-Bit Server VM (21.0.2+13-LTS-58, mixed mode, sharing, tiered, compressed oops, compressed class ptrs, g1 gc, windows-amd64)
GC Precious Log:
 CardTable entry size: 512
 Card Set container configuration: InlinePtr #cards 5 size 8 Array Of Cards #cards 12 size 40 Howl #buckets 4 coarsen threshold 1843 Howl Bitmap #cards 512 size 80 coarsen threshold 460 Card regions per heap region 1 cards per card region 2048
 CPUs: 8 total, 8 available
 Memory: 7834M
 Large Page Support: Disabled
 NUMA Support: Disabled
 Compressed Oops: Enabled (32-bit)
 Heap Region Size: 1M
 Heap Min Capacity: 8M
 Heap Initial Capacity: 124M
 Heap Max Capacity: 1960M
 Pre-touch: Disabled
 Parallel Workers: 8
 Concurrent Workers: 2
 Concurrent Refinement Workers: 8
 Periodic GC: Disabled
Heap:
 garbage-first heap   total 128000K, used 54869K [0x0000000085800000, 0x0000000100000000)
  region size 1024K, 12 young (12288K), 8 survivors (8192K)
 Metaspace       used 25510K, committed 25920K, reserved 1114112K
  class space    used 3458K, committed 3648K, reserved 1048576K
GC Heap History (8 events):
Event: 0.485 GC heap before
{Heap before GC invocations=0 (full 0):
 garbage-first heap   total 126976K, used 22528K [0x0000000085800000, 0x0000000100000000)
  region size 1024K, 23 young (23552K), 0 survivors (0K)
 Metaspace       used 3772K, committed 3968K, reserved 1114112K
  class space    used 408K, committed 512K, reserved 1048576K
}
Event: 0.488 GC heap after
{Heap after GC invocations=1 (full 0):
 garbage-first heap   total 126976K, used 2959K [0x0000000085800000, 0x0000000100000000)
  region size 1024K, 3 young (3072K), 3 survivors (3072K)
 Metaspace       used 3772K, committed 3968K, reserved 1114112K
  class space    used 408K, committed 512K, reserved 1048576K
}
Event: 1.042 GC heap before
{Heap before GC invocations=1 (full 0):
 garbage-first heap   total 126976K, used 39823K [0x0000000085800000, 0x0000000100000000)
  region size 1024K, 38 young (38912K), 3 survivors (3072K)
 Metaspace       used 12766K, committed 13120K, reserved 1114112K
  class space    used 1544K, committed 1728K, reserved 1048576K
}
Event: 1.048 GC heap after
{Heap after GC invocations=2 (full 0):
 garbage-first heap   total 126976K, used 10240K [0x0000000085800000, 0x0000000100000000)
  region size 1024K, 5 young (5120K), 5 survivors (5120K)
 Metaspace       used 12766K, committed 13120K, reserved 1114112K
  class space    used 1544K, committed 1728K, reserved 1048576K
}
Event: 8.894 GC heap before
{Heap before GC invocations=2 (full 0):
 garbage-first heap   total 126976K, used 69632K [0x0000000085800000, 0x0000000100000000)
  region size 1024K, 44 young (45056K), 5 survivors (5120K)
 Metaspace       used 21137K, committed 21504K, reserved 1114112K
  class space    used 2861K, committed 3072K, reserved 1048576K
}
Event: 8.903 GC heap after
{Heap after GC invocations=3 (full 0):
 garbage-first heap   total 126976K, used 30028K [0x0000000085800000, 0x0000000100000000)
  region size 1024K, 10 young (10240K), 10 survivors (10240K)
 Metaspace       used 21137K, committed 21504K, reserved 1114112K
  class space    used 2861K, committed 3072K, reserved 1048576K
}
Event: 23.674 GC heap before
{Heap before GC invocations=4 (full 0):
 garbage-first heap   total 109568K, used 107852K [0x0000000085800000, 0x0000000100000000)
  region size 1024K, 46 young (47104K), 10 survivors (10240K)
 Metaspace       used 25452K, committed 25856K, reserved 1114112K
  class space    used 3454K, committed 3648K, reserved 1048576K
}
Event: 23.695 GC heap after
{Heap after GC invocations=5 (full 0):
 garbage-first heap   total 128000K, used 48725K [0x0000000085800000, 0x0000000100000000)
  region size 1024K, 8 young (8192K), 8 survivors (8192K)
 Metaspace       used 25452K, committed 25856K, reserved 1114112K
  class space    used 3454K, committed 3648K, reserved 1048576K
}

