# JRE version: Java(TM) SE Runtime Environment (21.0.2+13) (build 21.0.2+13-LTS-58)
# Java VM: Java HotSpot(TM) 64-Bit Server VM (21.0.2+13-LTS-58, mixed mode, sharing, tiered, compressed oops, compressed class ptrs, g1 gc, windows-amd64)
GC Precious Log:
 CardTable entry size: 512
 Card Set container configuration: InlinePtr #cards 5 size 8 Array Of Cards #cards 12 size 40 Howl #buckets 4 coarsen threshold 1843 Howl Bitmap #cards 512 size 80 coarsen threshold 460 Card regions per heap region 1 cards per card region 2048
 CPUs: 8 total, 8 available
 Memory: 7834M
 Large Page Support: Disabled
 NUMA Support: Disabled
 Compressed Oops: Enabled (32-bit)
 Heap Region Size: 1M
 Heap Min Capacity: 8M
 Heap Initial Capacity: 124M
 Heap Max Capacity: 1960M
 Pre-touch: Disabled
 Parallel Workers: 8
 Concurrent Workers: 2
 Concurrent Refinement Workers: 8
 Periodic GC: Disabled
Heap:
 garbage-first heap   total 136192K, used 69091K [0x0000000085800000, 0x0000000100000000)
  region size 1024K, 7 young (7168K), 4 survivors (4096K)
 Metaspace       used 44890K, committed 45376K, reserved 1114112K
  class space    used 5718K, committed 5952K, reserved 1048576K
GC Heap History (14 events):
Event: 0.931 GC heap before
{Heap before GC invocations=0 (full 0):
 garbage-first heap   total 126976K, used 22528K [0x0000000085800000, 0x0000000100000000)
  region size 1024K, 23 young (23552K), 0 survivors (0K)
 Metaspace       used 3777K, committed 3968K, reserved 1114112K
  class space    used 409K, committed 512K, reserved 1048576K
}
Event: 0.938 GC heap after
{Heap after GC invocations=1 (full 0):
 garbage-first heap   total 126976K, used 2887K [0x0000000085800000, 0x0000000100000000)
  region size 1024K, 3 young (3072K), 3 survivors (3072K)
 Metaspace       used 3777K, committed 3968K, reserved 1114112K
  class space    used 409K, committed 512K, reserved 1048576K
}
Event: 1.600 GC heap before
{Heap before GC invocations=1 (full 0):
 garbage-first heap   total 126976K, used 39751K [0x0000000085800000, 0x0000000100000000)
  region size 1024K, 38 young (38912K), 3 survivors (3072K)
 Metaspace       used 12772K, committed 13184K, reserved 1114112K
  class space    used 1545K, committed 1728K, reserved 1048576K
}
Event: 1.606 GC heap after
{Heap after GC invocations=2 (full 0):
 garbage-first heap   total 126976K, used 10788K [0x0000000085800000, 0x0000000100000000)
  region size 1024K, 5 young (5120K), 5 survivors (5120K)
 Metaspace       used 12772K, committed 13184K, reserved 1114112K
  class space    used 1545K, committed 1728K, reserved 1048576K
}
Event: 7.870 GC heap before
{Heap before GC invocations=2 (full 0):
 garbage-first heap   total 126976K, used 70180K [0x0000000085800000, 0x0000000100000000)
  region size 1024K, 44 young (45056K), 5 survivors (5120K)
 Metaspace       used 21121K, committed 21504K, reserved 1114112K
  class space    used 2875K, committed 3072K, reserved 1048576K
}
Event: 7.883 GC heap after
{Heap after GC invocations=3 (full 0):
 garbage-first heap   total 126976K, used 30118K [0x0000000085800000, 0x0000000100000000)
  region size 1024K, 9 young (9216K), 9 survivors (9216K)
 Metaspace       used 21121K, committed 21504K, reserved 1114112K
  class space    used 2875K, committed 3072K, reserved 1048576K
}
Event: 29.869 GC heap before
{Heap before GC invocations=4 (full 0):
 garbage-first heap   total 106496K, used 90534K [0x0000000085800000, 0x0000000100000000)
  region size 1024K, 57 young (58368K), 9 survivors (9216K)
 Metaspace       used 26251K, committed 26688K, reserved 1114112K
  class space    used 3552K, committed 3776K, reserved 1048576K
}
Event: 29.892 GC heap after
{Heap after GC invocations=5 (full 0):
 garbage-first heap   total 107520K, used 37446K [0x0000000085800000, 0x0000000100000000)
  region size 1024K, 5 young (5120K), 5 survivors (5120K)
 Metaspace       used 26251K, committed 26688K, reserved 1114112K
  class space    used 3552K, committed 3776K, reserved 1048576K
}
Event: 45.890 GC heap before
{Heap before GC invocations=5 (full 0):
 garbage-first heap   total 107520K, used 97862K [0x0000000085800000, 0x0000000100000000)
  region size 1024K, 46 young (47104K), 5 survivors (5120K)
 Metaspace       used 35595K, committed 35968K, reserved 1114112K
  class space    used 4623K, committed 4800K, reserved 1048576K
}
Event: 45.896 GC heap after
{Heap after GC invocations=6 (full 0):
 garbage-first heap   total 110592K, used 48181K [0x0000000085800000, 0x0000000100000000)
  region size 1024K, 6 young (6144K), 6 survivors (6144K)
 Metaspace       used 35595K, committed 35968K, reserved 1114112K
  class space    used 4623K, committed 4800K, reserved 1048576K
}
Event: 45.903 GC heap before
{Heap before GC invocations=6 (full 0):
 garbage-first heap   total 110592K, used 48181K [0x0000000085800000, 0x0000000100000000)
  region size 1024K, 7 young (7168K), 6 survivors (6144K)
 Metaspace       used 35878K, committed 36288K, reserved 1114112K
  class space    used 4648K, committed 4864K, reserved 1048576K
}
Event: 45.906 GC heap after
{Heap after GC invocations=7 (full 0):
 garbage-first heap   total 110592K, used 48523K [0x0000000085800000, 0x0000000100000000)
  region size 1024K, 1 young (1024K), 1 survivors (1024K)
 Metaspace       used 35878K, committed 36288K, reserved 1114112K
  class space    used 4648K, committed 4864K, reserved 1048576K
}
Event: 61.674 GC heap before
{Heap before GC invocations=8 (full 0):
 garbage-first heap   total 132096K, used 130443K [0x0000000085800000, 0x0000000100000000)
  region size 1024K, 40 young (40960K), 1 survivors (1024K)
 Metaspace       used 44859K, committed 45376K, reserved 1114112K
  class space    used 5715K, committed 5952K, reserved 1048576K
}
Event: 61.679 GC heap after
{Heap after GC invocations=9 (full 0):
 garbage-first heap   total 136192K, used 60899K [0x0000000085800000, 0x0000000100000000)
  region size 1024K, 4 young (4096K), 4 survivors (4096K)
 Metaspace       used 44859K, committed 45376K, reserved 1114112K
  class space    used 5715K, committed 5952K, reserved 1048576K
}

